[INFO  - 2020-12-23T06:45:27.214Z] GhostDriver - Main - running on port 39413
[INFO  - 2020-12-23T06:45:31.645Z] Session [7389f870-44ea-11eb-9783-8333302f7f78] - page.settings - {"XSSAuditingEnabled":false,"javascriptCanCloseWindows":true,"javascriptCanOpenWindows":true,"javascriptEnabled":true,"loadImages":true,"localToRemoteUrlAccessEnabled":false,"userAgent":"Mozilla/5.0 (Windows NT 6.2; WOW64) AppleWebKit/538.1 (KHTML, like Gecko) PhantomJS/2.1.1 Safari/538.1","webSecurityEnabled":true}
[INFO  - 2020-12-23T06:45:31.645Z] Session [7389f870-44ea-11eb-9783-8333302f7f78] - page.customHeaders:  - {}
[INFO  - 2020-12-23T06:45:31.645Z] Session [7389f870-44ea-11eb-9783-8333302f7f78] - Session.negotiatedCapabilities - {"browserName":"phantomjs","version":"2.1.1","driverName":"ghostdriver","driverVersion":"1.2.0","platform":"windows-10-32bit","javascriptEnabled":true,"takesScreenshot":true,"handlesAlerts":false,"databaseEnabled":false,"locationContextEnabled":false,"applicationCacheEnabled":false,"browserConnectionEnabled":false,"cssSelectorsEnabled":true,"webStorageEnabled":false,"rotatable":false,"acceptSslCerts":false,"nativeEvents":true,"proxy":{"proxyType":"direct"}}
[INFO  - 2020-12-23T06:45:31.645Z] SessionManagerReqHand - _postNewSessionCommand - New Session Created: 7389f870-44ea-11eb-9783-8333302f7f78
[ERROR - 2020-12-23T06:45:34.505Z] Session [7389f870-44ea-11eb-9783-8333302f7f78] - page.onError - msg: TypeError: undefined is not a constructor (evaluating 'window.siteName.startsWith("mena")')

  phantomjs://platform/console++.js:263 in error
[ERROR - 2020-12-23T06:45:34.506Z] Session [7389f870-44ea-11eb-9783-8333302f7f78] - page.onError - stack:
  p (https://in.global.nba.com/frags/meta.js:1)
  redirect (https://in.global.nba.com/frags/meta.js:1)
  (anonymous function) (https://in.global.nba.com/frags/meta.js:1)
  t (https://in.global.nba.com/frags/meta.js:1)
  (anonymous function) (https://in.global.nba.com/frags/meta.js:1)

  phantomjs://platform/console++.js:263 in error
[ERROR - 2020-12-23T06:45:35.343Z] Session [7389f870-44ea-11eb-9783-8333302f7f78] - page.onError - msg: Unhandled promise rejection ReferenceError: Can't find variable: fetch

  phantomjs://platform/console++.js:263 in error
[ERROR - 2020-12-23T06:45:35.343Z] Session [7389f870-44ea-11eb-9783-8333302f7f78] - page.onError - stack:
  (anonymous function) (https://in.nba.com/fragments/script/header/raw:1)

  phantomjs://platform/console++.js:263 in error
[ERROR - 2020-12-23T06:45:35.344Z] Session [7389f870-44ea-11eb-9783-8333302f7f78] - page.onError - msg: Unhandled promise rejection ReferenceError: Can't find variable: fetch

  phantomjs://platform/console++.js:263 in error
[ERROR - 2020-12-23T06:45:35.344Z] Session [7389f870-44ea-11eb-9783-8333302f7f78] - page.onError - stack:
  (anonymous function) (https://in.nba.com/fragments/script/header/raw:1)

  phantomjs://platform/console++.js:263 in error
[ERROR - 2020-12-23T06:45:35.420Z] Session [7389f870-44ea-11eb-9783-8333302f7f78] - page.onError - msg: [WMUC]: User-Consent unable to determine country, missing or invalid cookies.

  phantomjs://platform/console++.js:263 in error
[ERROR - 2020-12-23T06:45:35.421Z] Session [7389f870-44ea-11eb-9783-8333302f7f78] - page.onError - stack:
  A (https://in.global.nba.com/players/#!/precious_achiuwa:2)

  phantomjs://platform/console++.js:263 in error
[ERROR - 2020-12-23T06:45:35.421Z] Session [7389f870-44ea-11eb-9783-8333302f7f78] - page.onError - msg: [WMUC]: User-Consent unable to determine country, missing or invalid cookies. Dispatching to OneTrust.

  phantomjs://platform/console++.js:263 in error
[ERROR - 2020-12-23T06:45:35.421Z] Session [7389f870-44ea-11eb-9783-8333302f7f78] - page.onError - stack:
  A (https://in.global.nba.com/players/#!/precious_achiuwa:2)

  phantomjs://platform/console++.js:263 in error
[ERROR - 2020-12-23T06:45:36.479Z] Session [7389f870-44ea-11eb-9783-8333302f7f78] - page.onError - msg: Unhandled promise rejection ReferenceError: Can't find variable: fetch

  phantomjs://platform/console++.js:263 in error
[ERROR - 2020-12-23T06:45:36.479Z] Session [7389f870-44ea-11eb-9783-8333302f7f78] - page.onError - stack:
  (anonymous function) (https://in.nba.com/fragments/script/header/raw:1)

  phantomjs://platform/console++.js:263 in error
[ERROR - 2020-12-23T06:45:38.625Z] Session [7389f870-44ea-11eb-9783-8333302f7f78] - page.onError - msg: TypeError: undefined is not a constructor (evaluating 'window.siteName.startsWith("mena")')

  phantomjs://platform/console++.js:263 in error
[ERROR - 2020-12-23T06:45:38.625Z] Session [7389f870-44ea-11eb-9783-8333302f7f78] - page.onError - stack:
  p (https://in.global.nba.com/frags/meta.js:1)
  redirect (https://in.global.nba.com/frags/meta.js:1)
  (anonymous function) (https://in.global.nba.com/frags/meta.js:1)
  t (https://in.global.nba.com/frags/meta.js:1)
  (anonymous function) (https://in.global.nba.com/frags/meta.js:1)

  phantomjs://platform/console++.js:263 in error
[ERROR - 2020-12-23T06:45:38.840Z] Session [7389f870-44ea-11eb-9783-8333302f7f78] - page.onError - msg: Unhandled promise rejection ReferenceError: Can't find variable: fetch

  phantomjs://platform/console++.js:263 in error
[ERROR - 2020-12-23T06:45:38.840Z] Session [7389f870-44ea-11eb-9783-8333302f7f78] - page.onError - stack:
  (anonymous function) (https://in.nba.com/fragments/script/header/raw:1)

  phantomjs://platform/console++.js:263 in error
[ERROR - 2020-12-23T06:45:38.840Z] Session [7389f870-44ea-11eb-9783-8333302f7f78] - page.onError - msg: Unhandled promise rejection ReferenceError: Can't find variable: fetch

  phantomjs://platform/console++.js:263 in error
[ERROR - 2020-12-23T06:45:38.840Z] Session [7389f870-44ea-11eb-9783-8333302f7f78] - page.onError - stack:
  (anonymous function) (https://in.nba.com/fragments/script/header/raw:1)

  phantomjs://platform/console++.js:263 in error
[ERROR - 2020-12-23T06:45:40.213Z] Session [7389f870-44ea-11eb-9783-8333302f7f78] - page.onError - msg: Unhandled promise rejection ReferenceError: Can't find variable: fetch

  phantomjs://platform/console++.js:263 in error
[ERROR - 2020-12-23T06:45:40.213Z] Session [7389f870-44ea-11eb-9783-8333302f7f78] - page.onError - stack:
  (anonymous function) (https://in.nba.com/fragments/script/header/raw:1)

  phantomjs://platform/console++.js:263 in error
[ERROR - 2020-12-23T06:45:51.623Z] Session [7389f870-44ea-11eb-9783-8333302f7f78] - page.onError - msg: Unhandled promise rejection Error: NotSupportedError: DOM Exception 9

  phantomjs://platform/console++.js:263 in error
[ERROR - 2020-12-23T06:45:51.623Z] Session [7389f870-44ea-11eb-9783-8333302f7f78] - page.onError - stack:
  (anonymous function) (https://in.nba.com/fragments/script/header/raw:1)

  phantomjs://platform/console++.js:263 in error
